[2025-08-19T15:14:21.100+0000] {processor.py:156} INFO - Started process (PID=19) to work on /opt/airflow/dags/wikipedia_flow.py
[2025-08-19T15:14:21.101+0000] {processor.py:799} INFO - Processing file /opt/airflow/dags/wikipedia_flow.py for tasks to queue
[2025-08-19T15:14:21.102+0000] {logging_mixin.py:149} INFO - [2025-08-19T15:14:21.102+0000] {dagbag.py:541} INFO - Filling up the DagBag from /opt/airflow/dags/wikipedia_flow.py
[2025-08-19T15:14:21.168+0000] {processor.py:809} INFO - DAG(s) dict_keys(['wikipedia_flow']) retrieved from /opt/airflow/dags/wikipedia_flow.py
[2025-08-19T15:14:21.380+0000] {logging_mixin.py:149} INFO - [2025-08-19T15:14:21.379+0000] {dag.py:2726} INFO - Sync 1 DAGs
[2025-08-19T15:14:21.403+0000] {logging_mixin.py:149} INFO - [2025-08-19T15:14:21.403+0000] {dag.py:3486} INFO - Setting next_dagrun for wikipedia_flow to None, run_after=None
[2025-08-19T15:14:21.423+0000] {processor.py:178} INFO - Processing /opt/airflow/dags/wikipedia_flow.py took 0.328 seconds
[2025-08-19T15:14:51.574+0000] {processor.py:156} INFO - Started process (PID=20) to work on /opt/airflow/dags/wikipedia_flow.py
[2025-08-19T15:14:51.576+0000] {processor.py:799} INFO - Processing file /opt/airflow/dags/wikipedia_flow.py for tasks to queue
[2025-08-19T15:14:51.577+0000] {logging_mixin.py:149} INFO - [2025-08-19T15:14:51.577+0000] {dagbag.py:541} INFO - Filling up the DagBag from /opt/airflow/dags/wikipedia_flow.py
[2025-08-19T15:14:51.629+0000] {processor.py:809} INFO - DAG(s) dict_keys(['wikipedia_flow']) retrieved from /opt/airflow/dags/wikipedia_flow.py
[2025-08-19T15:14:51.669+0000] {logging_mixin.py:149} INFO - [2025-08-19T15:14:51.668+0000] {dag.py:2726} INFO - Sync 1 DAGs
[2025-08-19T15:14:51.694+0000] {logging_mixin.py:149} INFO - [2025-08-19T15:14:51.694+0000] {dag.py:3486} INFO - Setting next_dagrun for wikipedia_flow to None, run_after=None
[2025-08-19T15:14:51.715+0000] {processor.py:178} INFO - Processing /opt/airflow/dags/wikipedia_flow.py took 0.145 seconds
[2025-08-19T15:15:21.872+0000] {processor.py:156} INFO - Started process (PID=21) to work on /opt/airflow/dags/wikipedia_flow.py
[2025-08-19T15:15:21.873+0000] {processor.py:799} INFO - Processing file /opt/airflow/dags/wikipedia_flow.py for tasks to queue
[2025-08-19T15:15:21.874+0000] {logging_mixin.py:149} INFO - [2025-08-19T15:15:21.874+0000] {dagbag.py:541} INFO - Filling up the DagBag from /opt/airflow/dags/wikipedia_flow.py
[2025-08-19T15:15:21.906+0000] {processor.py:809} INFO - DAG(s) dict_keys(['wikipedia_flow']) retrieved from /opt/airflow/dags/wikipedia_flow.py
[2025-08-19T15:15:21.949+0000] {logging_mixin.py:149} INFO - [2025-08-19T15:15:21.949+0000] {dag.py:2726} INFO - Sync 1 DAGs
[2025-08-19T15:15:21.972+0000] {logging_mixin.py:149} INFO - [2025-08-19T15:15:21.971+0000] {dag.py:3486} INFO - Setting next_dagrun for wikipedia_flow to None, run_after=None
[2025-08-19T15:15:21.993+0000] {processor.py:178} INFO - Processing /opt/airflow/dags/wikipedia_flow.py took 0.125 seconds
[2025-08-19T15:15:52.036+0000] {processor.py:156} INFO - Started process (PID=40) to work on /opt/airflow/dags/wikipedia_flow.py
[2025-08-19T15:15:52.038+0000] {processor.py:799} INFO - Processing file /opt/airflow/dags/wikipedia_flow.py for tasks to queue
[2025-08-19T15:15:52.039+0000] {logging_mixin.py:149} INFO - [2025-08-19T15:15:52.039+0000] {dagbag.py:541} INFO - Filling up the DagBag from /opt/airflow/dags/wikipedia_flow.py
[2025-08-19T15:15:52.075+0000] {processor.py:809} INFO - DAG(s) dict_keys(['wikipedia_flow']) retrieved from /opt/airflow/dags/wikipedia_flow.py
[2025-08-19T15:15:52.121+0000] {logging_mixin.py:149} INFO - [2025-08-19T15:15:52.121+0000] {dag.py:2726} INFO - Sync 1 DAGs
[2025-08-19T15:15:52.151+0000] {logging_mixin.py:149} INFO - [2025-08-19T15:15:52.151+0000] {dag.py:3486} INFO - Setting next_dagrun for wikipedia_flow to None, run_after=None
[2025-08-19T15:15:52.172+0000] {processor.py:178} INFO - Processing /opt/airflow/dags/wikipedia_flow.py took 0.143 seconds
[2025-08-19T15:16:22.290+0000] {processor.py:156} INFO - Started process (PID=41) to work on /opt/airflow/dags/wikipedia_flow.py
[2025-08-19T15:16:22.291+0000] {processor.py:799} INFO - Processing file /opt/airflow/dags/wikipedia_flow.py for tasks to queue
[2025-08-19T15:16:22.292+0000] {logging_mixin.py:149} INFO - [2025-08-19T15:16:22.291+0000] {dagbag.py:541} INFO - Filling up the DagBag from /opt/airflow/dags/wikipedia_flow.py
[2025-08-19T15:16:22.323+0000] {processor.py:809} INFO - DAG(s) dict_keys(['wikipedia_flow']) retrieved from /opt/airflow/dags/wikipedia_flow.py
[2025-08-19T15:16:22.359+0000] {logging_mixin.py:149} INFO - [2025-08-19T15:16:22.359+0000] {dag.py:2726} INFO - Sync 1 DAGs
[2025-08-19T15:16:22.383+0000] {logging_mixin.py:149} INFO - [2025-08-19T15:16:22.383+0000] {dag.py:3486} INFO - Setting next_dagrun for wikipedia_flow to None, run_after=None
[2025-08-19T15:16:22.403+0000] {processor.py:178} INFO - Processing /opt/airflow/dags/wikipedia_flow.py took 0.117 seconds
[2025-08-19T15:16:52.468+0000] {processor.py:156} INFO - Started process (PID=42) to work on /opt/airflow/dags/wikipedia_flow.py
[2025-08-19T15:16:52.469+0000] {processor.py:799} INFO - Processing file /opt/airflow/dags/wikipedia_flow.py for tasks to queue
[2025-08-19T15:16:52.470+0000] {logging_mixin.py:149} INFO - [2025-08-19T15:16:52.470+0000] {dagbag.py:541} INFO - Filling up the DagBag from /opt/airflow/dags/wikipedia_flow.py
[2025-08-19T15:16:52.499+0000] {processor.py:809} INFO - DAG(s) dict_keys(['wikipedia_flow']) retrieved from /opt/airflow/dags/wikipedia_flow.py
[2025-08-19T15:16:52.535+0000] {logging_mixin.py:149} INFO - [2025-08-19T15:16:52.535+0000] {dag.py:2726} INFO - Sync 1 DAGs
[2025-08-19T15:16:52.558+0000] {logging_mixin.py:149} INFO - [2025-08-19T15:16:52.558+0000] {dag.py:3486} INFO - Setting next_dagrun for wikipedia_flow to None, run_after=None
[2025-08-19T15:16:52.578+0000] {processor.py:178} INFO - Processing /opt/airflow/dags/wikipedia_flow.py took 0.114 seconds
[2025-08-19T15:17:22.698+0000] {processor.py:156} INFO - Started process (PID=43) to work on /opt/airflow/dags/wikipedia_flow.py
[2025-08-19T15:17:22.699+0000] {processor.py:799} INFO - Processing file /opt/airflow/dags/wikipedia_flow.py for tasks to queue
[2025-08-19T15:17:22.700+0000] {logging_mixin.py:149} INFO - [2025-08-19T15:17:22.700+0000] {dagbag.py:541} INFO - Filling up the DagBag from /opt/airflow/dags/wikipedia_flow.py
[2025-08-19T15:17:22.754+0000] {processor.py:809} INFO - DAG(s) dict_keys(['wikipedia_flow']) retrieved from /opt/airflow/dags/wikipedia_flow.py
[2025-08-19T15:17:22.789+0000] {logging_mixin.py:149} INFO - [2025-08-19T15:17:22.789+0000] {dag.py:2726} INFO - Sync 1 DAGs
[2025-08-19T15:17:22.811+0000] {logging_mixin.py:149} INFO - [2025-08-19T15:17:22.811+0000] {dag.py:3486} INFO - Setting next_dagrun for wikipedia_flow to None, run_after=None
[2025-08-19T15:17:22.831+0000] {processor.py:178} INFO - Processing /opt/airflow/dags/wikipedia_flow.py took 0.138 seconds
[2025-08-19T15:17:52.963+0000] {processor.py:156} INFO - Started process (PID=62) to work on /opt/airflow/dags/wikipedia_flow.py
[2025-08-19T15:17:52.964+0000] {processor.py:799} INFO - Processing file /opt/airflow/dags/wikipedia_flow.py for tasks to queue
[2025-08-19T15:17:52.965+0000] {logging_mixin.py:149} INFO - [2025-08-19T15:17:52.965+0000] {dagbag.py:541} INFO - Filling up the DagBag from /opt/airflow/dags/wikipedia_flow.py
[2025-08-19T15:17:52.992+0000] {processor.py:809} INFO - DAG(s) dict_keys(['wikipedia_flow']) retrieved from /opt/airflow/dags/wikipedia_flow.py
[2025-08-19T15:17:53.030+0000] {logging_mixin.py:149} INFO - [2025-08-19T15:17:53.029+0000] {dag.py:2726} INFO - Sync 1 DAGs
[2025-08-19T15:17:53.055+0000] {logging_mixin.py:149} INFO - [2025-08-19T15:17:53.055+0000] {dag.py:3486} INFO - Setting next_dagrun for wikipedia_flow to None, run_after=None
[2025-08-19T15:17:53.074+0000] {processor.py:178} INFO - Processing /opt/airflow/dags/wikipedia_flow.py took 0.115 seconds
[2025-08-19T15:18:23.199+0000] {processor.py:156} INFO - Started process (PID=63) to work on /opt/airflow/dags/wikipedia_flow.py
[2025-08-19T15:18:23.200+0000] {processor.py:799} INFO - Processing file /opt/airflow/dags/wikipedia_flow.py for tasks to queue
[2025-08-19T15:18:23.201+0000] {logging_mixin.py:149} INFO - [2025-08-19T15:18:23.201+0000] {dagbag.py:541} INFO - Filling up the DagBag from /opt/airflow/dags/wikipedia_flow.py
[2025-08-19T15:18:23.224+0000] {processor.py:809} INFO - DAG(s) dict_keys(['wikipedia_flow']) retrieved from /opt/airflow/dags/wikipedia_flow.py
[2025-08-19T15:18:23.256+0000] {logging_mixin.py:149} INFO - [2025-08-19T15:18:23.255+0000] {dag.py:2726} INFO - Sync 1 DAGs
[2025-08-19T15:18:23.274+0000] {logging_mixin.py:149} INFO - [2025-08-19T15:18:23.274+0000] {dag.py:3486} INFO - Setting next_dagrun for wikipedia_flow to None, run_after=None
[2025-08-19T15:18:23.288+0000] {processor.py:178} INFO - Processing /opt/airflow/dags/wikipedia_flow.py took 0.092 seconds
[2025-08-19T15:18:53.359+0000] {processor.py:156} INFO - Started process (PID=64) to work on /opt/airflow/dags/wikipedia_flow.py
[2025-08-19T15:18:53.359+0000] {processor.py:799} INFO - Processing file /opt/airflow/dags/wikipedia_flow.py for tasks to queue
[2025-08-19T15:18:53.360+0000] {logging_mixin.py:149} INFO - [2025-08-19T15:18:53.360+0000] {dagbag.py:541} INFO - Filling up the DagBag from /opt/airflow/dags/wikipedia_flow.py
[2025-08-19T15:18:53.386+0000] {processor.py:809} INFO - DAG(s) dict_keys(['wikipedia_flow']) retrieved from /opt/airflow/dags/wikipedia_flow.py
[2025-08-19T15:18:53.421+0000] {logging_mixin.py:149} INFO - [2025-08-19T15:18:53.421+0000] {dag.py:2726} INFO - Sync 1 DAGs
[2025-08-19T15:18:53.440+0000] {logging_mixin.py:149} INFO - [2025-08-19T15:18:53.440+0000] {dag.py:3486} INFO - Setting next_dagrun for wikipedia_flow to None, run_after=None
[2025-08-19T15:18:53.454+0000] {processor.py:178} INFO - Processing /opt/airflow/dags/wikipedia_flow.py took 0.100 seconds
[2025-08-19T15:19:23.584+0000] {processor.py:156} INFO - Started process (PID=83) to work on /opt/airflow/dags/wikipedia_flow.py
[2025-08-19T15:19:23.585+0000] {processor.py:799} INFO - Processing file /opt/airflow/dags/wikipedia_flow.py for tasks to queue
[2025-08-19T15:19:23.585+0000] {logging_mixin.py:149} INFO - [2025-08-19T15:19:23.585+0000] {dagbag.py:541} INFO - Filling up the DagBag from /opt/airflow/dags/wikipedia_flow.py
[2025-08-19T15:19:23.610+0000] {processor.py:809} INFO - DAG(s) dict_keys(['wikipedia_flow']) retrieved from /opt/airflow/dags/wikipedia_flow.py
[2025-08-19T15:19:23.637+0000] {logging_mixin.py:149} INFO - [2025-08-19T15:19:23.637+0000] {dag.py:2726} INFO - Sync 1 DAGs
[2025-08-19T15:19:23.655+0000] {logging_mixin.py:149} INFO - [2025-08-19T15:19:23.655+0000] {dag.py:3486} INFO - Setting next_dagrun for wikipedia_flow to None, run_after=None
[2025-08-19T15:19:23.668+0000] {processor.py:178} INFO - Processing /opt/airflow/dags/wikipedia_flow.py took 0.087 seconds
[2025-08-19T15:19:53.734+0000] {processor.py:156} INFO - Started process (PID=84) to work on /opt/airflow/dags/wikipedia_flow.py
[2025-08-19T15:19:53.735+0000] {processor.py:799} INFO - Processing file /opt/airflow/dags/wikipedia_flow.py for tasks to queue
[2025-08-19T15:19:53.736+0000] {logging_mixin.py:149} INFO - [2025-08-19T15:19:53.736+0000] {dagbag.py:541} INFO - Filling up the DagBag from /opt/airflow/dags/wikipedia_flow.py
[2025-08-19T15:19:53.765+0000] {processor.py:809} INFO - DAG(s) dict_keys(['wikipedia_flow']) retrieved from /opt/airflow/dags/wikipedia_flow.py
[2025-08-19T15:19:53.795+0000] {logging_mixin.py:149} INFO - [2025-08-19T15:19:53.794+0000] {dag.py:2726} INFO - Sync 1 DAGs
[2025-08-19T15:19:53.815+0000] {logging_mixin.py:149} INFO - [2025-08-19T15:19:53.815+0000] {dag.py:3486} INFO - Setting next_dagrun for wikipedia_flow to None, run_after=None
[2025-08-19T15:19:53.831+0000] {processor.py:178} INFO - Processing /opt/airflow/dags/wikipedia_flow.py took 0.101 seconds
[2025-08-19T15:20:23.897+0000] {processor.py:156} INFO - Started process (PID=85) to work on /opt/airflow/dags/wikipedia_flow.py
[2025-08-19T15:20:23.898+0000] {processor.py:799} INFO - Processing file /opt/airflow/dags/wikipedia_flow.py for tasks to queue
[2025-08-19T15:20:23.899+0000] {logging_mixin.py:149} INFO - [2025-08-19T15:20:23.899+0000] {dagbag.py:541} INFO - Filling up the DagBag from /opt/airflow/dags/wikipedia_flow.py
[2025-08-19T15:20:23.923+0000] {processor.py:809} INFO - DAG(s) dict_keys(['wikipedia_flow']) retrieved from /opt/airflow/dags/wikipedia_flow.py
[2025-08-19T15:20:23.954+0000] {logging_mixin.py:149} INFO - [2025-08-19T15:20:23.954+0000] {dag.py:2726} INFO - Sync 1 DAGs
[2025-08-19T15:20:23.973+0000] {logging_mixin.py:149} INFO - [2025-08-19T15:20:23.973+0000] {dag.py:3486} INFO - Setting next_dagrun for wikipedia_flow to None, run_after=None
[2025-08-19T15:20:23.989+0000] {processor.py:178} INFO - Processing /opt/airflow/dags/wikipedia_flow.py took 0.094 seconds
[2025-08-19T15:20:54.078+0000] {processor.py:156} INFO - Started process (PID=86) to work on /opt/airflow/dags/wikipedia_flow.py
[2025-08-19T15:20:54.079+0000] {processor.py:799} INFO - Processing file /opt/airflow/dags/wikipedia_flow.py for tasks to queue
[2025-08-19T15:20:54.079+0000] {logging_mixin.py:149} INFO - [2025-08-19T15:20:54.079+0000] {dagbag.py:541} INFO - Filling up the DagBag from /opt/airflow/dags/wikipedia_flow.py
[2025-08-19T15:20:54.132+0000] {processor.py:809} INFO - DAG(s) dict_keys(['wikipedia_flow']) retrieved from /opt/airflow/dags/wikipedia_flow.py
[2025-08-19T15:20:54.162+0000] {logging_mixin.py:149} INFO - [2025-08-19T15:20:54.162+0000] {dag.py:2726} INFO - Sync 1 DAGs
[2025-08-19T15:20:54.183+0000] {logging_mixin.py:149} INFO - [2025-08-19T15:20:54.183+0000] {dag.py:3486} INFO - Setting next_dagrun for wikipedia_flow to None, run_after=None
[2025-08-19T15:20:54.201+0000] {processor.py:178} INFO - Processing /opt/airflow/dags/wikipedia_flow.py took 0.127 seconds
[2025-08-19T15:21:24.234+0000] {processor.py:156} INFO - Started process (PID=123) to work on /opt/airflow/dags/wikipedia_flow.py
[2025-08-19T15:21:24.235+0000] {processor.py:799} INFO - Processing file /opt/airflow/dags/wikipedia_flow.py for tasks to queue
[2025-08-19T15:21:24.236+0000] {logging_mixin.py:149} INFO - [2025-08-19T15:21:24.236+0000] {dagbag.py:541} INFO - Filling up the DagBag from /opt/airflow/dags/wikipedia_flow.py
[2025-08-19T15:21:24.260+0000] {processor.py:809} INFO - DAG(s) dict_keys(['wikipedia_flow']) retrieved from /opt/airflow/dags/wikipedia_flow.py
[2025-08-19T15:21:24.291+0000] {logging_mixin.py:149} INFO - [2025-08-19T15:21:24.291+0000] {dag.py:2726} INFO - Sync 1 DAGs
[2025-08-19T15:21:24.311+0000] {logging_mixin.py:149} INFO - [2025-08-19T15:21:24.311+0000] {dag.py:3486} INFO - Setting next_dagrun for wikipedia_flow to None, run_after=None
[2025-08-19T15:21:24.324+0000] {processor.py:178} INFO - Processing /opt/airflow/dags/wikipedia_flow.py took 0.095 seconds
[2025-08-19T15:21:54.454+0000] {processor.py:156} INFO - Started process (PID=124) to work on /opt/airflow/dags/wikipedia_flow.py
[2025-08-19T15:21:54.454+0000] {processor.py:799} INFO - Processing file /opt/airflow/dags/wikipedia_flow.py for tasks to queue
[2025-08-19T15:21:54.455+0000] {logging_mixin.py:149} INFO - [2025-08-19T15:21:54.455+0000] {dagbag.py:541} INFO - Filling up the DagBag from /opt/airflow/dags/wikipedia_flow.py
[2025-08-19T15:21:54.481+0000] {processor.py:809} INFO - DAG(s) dict_keys(['wikipedia_flow']) retrieved from /opt/airflow/dags/wikipedia_flow.py
[2025-08-19T15:21:54.514+0000] {logging_mixin.py:149} INFO - [2025-08-19T15:21:54.514+0000] {dag.py:2726} INFO - Sync 1 DAGs
[2025-08-19T15:21:54.536+0000] {logging_mixin.py:149} INFO - [2025-08-19T15:21:54.536+0000] {dag.py:3486} INFO - Setting next_dagrun for wikipedia_flow to None, run_after=None
[2025-08-19T15:21:54.554+0000] {processor.py:178} INFO - Processing /opt/airflow/dags/wikipedia_flow.py took 0.103 seconds
[2025-08-19T15:22:24.597+0000] {processor.py:156} INFO - Started process (PID=143) to work on /opt/airflow/dags/wikipedia_flow.py
[2025-08-19T15:22:24.598+0000] {processor.py:799} INFO - Processing file /opt/airflow/dags/wikipedia_flow.py for tasks to queue
[2025-08-19T15:22:24.600+0000] {logging_mixin.py:149} INFO - [2025-08-19T15:22:24.599+0000] {dagbag.py:541} INFO - Filling up the DagBag from /opt/airflow/dags/wikipedia_flow.py
[2025-08-19T15:22:24.633+0000] {processor.py:809} INFO - DAG(s) dict_keys(['wikipedia_flow']) retrieved from /opt/airflow/dags/wikipedia_flow.py
[2025-08-19T15:22:24.669+0000] {logging_mixin.py:149} INFO - [2025-08-19T15:22:24.669+0000] {dag.py:2726} INFO - Sync 1 DAGs
[2025-08-19T15:22:24.690+0000] {logging_mixin.py:149} INFO - [2025-08-19T15:22:24.689+0000] {dag.py:3486} INFO - Setting next_dagrun for wikipedia_flow to None, run_after=None
[2025-08-19T15:22:24.707+0000] {processor.py:178} INFO - Processing /opt/airflow/dags/wikipedia_flow.py took 0.113 seconds
[2025-08-19T15:22:54.808+0000] {processor.py:156} INFO - Started process (PID=152) to work on /opt/airflow/dags/wikipedia_flow.py
[2025-08-19T15:22:54.809+0000] {processor.py:799} INFO - Processing file /opt/airflow/dags/wikipedia_flow.py for tasks to queue
[2025-08-19T15:22:54.810+0000] {logging_mixin.py:149} INFO - [2025-08-19T15:22:54.809+0000] {dagbag.py:541} INFO - Filling up the DagBag from /opt/airflow/dags/wikipedia_flow.py
[2025-08-19T15:22:54.838+0000] {processor.py:809} INFO - DAG(s) dict_keys(['wikipedia_flow']) retrieved from /opt/airflow/dags/wikipedia_flow.py
[2025-08-19T15:22:54.868+0000] {logging_mixin.py:149} INFO - [2025-08-19T15:22:54.868+0000] {dag.py:2726} INFO - Sync 1 DAGs
[2025-08-19T15:22:54.887+0000] {logging_mixin.py:149} INFO - [2025-08-19T15:22:54.887+0000] {dag.py:3486} INFO - Setting next_dagrun for wikipedia_flow to None, run_after=None
[2025-08-19T15:22:54.902+0000] {processor.py:178} INFO - Processing /opt/airflow/dags/wikipedia_flow.py took 0.097 seconds
[2025-08-19T15:23:24.955+0000] {processor.py:156} INFO - Started process (PID=159) to work on /opt/airflow/dags/wikipedia_flow.py
[2025-08-19T15:23:24.955+0000] {processor.py:799} INFO - Processing file /opt/airflow/dags/wikipedia_flow.py for tasks to queue
[2025-08-19T15:23:24.956+0000] {logging_mixin.py:149} INFO - [2025-08-19T15:23:24.956+0000] {dagbag.py:541} INFO - Filling up the DagBag from /opt/airflow/dags/wikipedia_flow.py
[2025-08-19T15:23:24.983+0000] {processor.py:809} INFO - DAG(s) dict_keys(['wikipedia_flow']) retrieved from /opt/airflow/dags/wikipedia_flow.py
[2025-08-19T15:23:25.015+0000] {logging_mixin.py:149} INFO - [2025-08-19T15:23:25.014+0000] {dag.py:2726} INFO - Sync 1 DAGs
[2025-08-19T15:23:25.037+0000] {logging_mixin.py:149} INFO - [2025-08-19T15:23:25.037+0000] {dag.py:3486} INFO - Setting next_dagrun for wikipedia_flow to None, run_after=None
[2025-08-19T15:23:25.056+0000] {processor.py:178} INFO - Processing /opt/airflow/dags/wikipedia_flow.py took 0.105 seconds
[2025-08-19T15:23:55.154+0000] {processor.py:156} INFO - Started process (PID=160) to work on /opt/airflow/dags/wikipedia_flow.py
[2025-08-19T15:23:55.154+0000] {processor.py:799} INFO - Processing file /opt/airflow/dags/wikipedia_flow.py for tasks to queue
[2025-08-19T15:23:55.155+0000] {logging_mixin.py:149} INFO - [2025-08-19T15:23:55.155+0000] {dagbag.py:541} INFO - Filling up the DagBag from /opt/airflow/dags/wikipedia_flow.py
[2025-08-19T15:23:55.181+0000] {processor.py:809} INFO - DAG(s) dict_keys(['wikipedia_flow']) retrieved from /opt/airflow/dags/wikipedia_flow.py
[2025-08-19T15:23:55.212+0000] {logging_mixin.py:149} INFO - [2025-08-19T15:23:55.212+0000] {dag.py:2726} INFO - Sync 1 DAGs
[2025-08-19T15:23:55.233+0000] {logging_mixin.py:149} INFO - [2025-08-19T15:23:55.233+0000] {dag.py:3486} INFO - Setting next_dagrun for wikipedia_flow to None, run_after=None
[2025-08-19T15:23:55.251+0000] {processor.py:178} INFO - Processing /opt/airflow/dags/wikipedia_flow.py took 0.101 seconds
[2025-08-19T15:24:25.321+0000] {processor.py:156} INFO - Started process (PID=161) to work on /opt/airflow/dags/wikipedia_flow.py
[2025-08-19T15:24:25.322+0000] {processor.py:799} INFO - Processing file /opt/airflow/dags/wikipedia_flow.py for tasks to queue
[2025-08-19T15:24:25.323+0000] {logging_mixin.py:149} INFO - [2025-08-19T15:24:25.323+0000] {dagbag.py:541} INFO - Filling up the DagBag from /opt/airflow/dags/wikipedia_flow.py
[2025-08-19T15:24:25.348+0000] {processor.py:809} INFO - DAG(s) dict_keys(['wikipedia_flow']) retrieved from /opt/airflow/dags/wikipedia_flow.py
[2025-08-19T15:24:25.377+0000] {logging_mixin.py:149} INFO - [2025-08-19T15:24:25.377+0000] {dag.py:2726} INFO - Sync 1 DAGs
[2025-08-19T15:24:25.396+0000] {logging_mixin.py:149} INFO - [2025-08-19T15:24:25.396+0000] {dag.py:3486} INFO - Setting next_dagrun for wikipedia_flow to None, run_after=None
[2025-08-19T15:24:25.411+0000] {processor.py:178} INFO - Processing /opt/airflow/dags/wikipedia_flow.py took 0.092 seconds
[2025-08-19T15:24:55.506+0000] {processor.py:156} INFO - Started process (PID=162) to work on /opt/airflow/dags/wikipedia_flow.py
[2025-08-19T15:24:55.506+0000] {processor.py:799} INFO - Processing file /opt/airflow/dags/wikipedia_flow.py for tasks to queue
[2025-08-19T15:24:55.507+0000] {logging_mixin.py:149} INFO - [2025-08-19T15:24:55.507+0000] {dagbag.py:541} INFO - Filling up the DagBag from /opt/airflow/dags/wikipedia_flow.py
[2025-08-19T15:24:55.538+0000] {processor.py:809} INFO - DAG(s) dict_keys(['wikipedia_flow']) retrieved from /opt/airflow/dags/wikipedia_flow.py
[2025-08-19T15:24:55.575+0000] {logging_mixin.py:149} INFO - [2025-08-19T15:24:55.575+0000] {dag.py:2726} INFO - Sync 1 DAGs
[2025-08-19T15:24:55.601+0000] {logging_mixin.py:149} INFO - [2025-08-19T15:24:55.601+0000] {dag.py:3486} INFO - Setting next_dagrun for wikipedia_flow to None, run_after=None
[2025-08-19T15:24:55.623+0000] {processor.py:178} INFO - Processing /opt/airflow/dags/wikipedia_flow.py took 0.121 seconds
