[2025-08-19T15:14:20.989+0000] {manager.py:487} INFO - Processing files using up to 2 processes at a time 
[2025-08-19T15:14:20.991+0000] {manager.py:488} INFO - Process each file at most once every 30 seconds
[2025-08-19T15:14:20.992+0000] {manager.py:489} INFO - Checking for new files in /opt/airflow/dags every 300 seconds
[2025-08-19T15:14:20.994+0000] {manager.py:758} INFO - Searching for files in /opt/airflow/dags
[2025-08-19T15:14:21.022+0000] {manager.py:761} INFO - There are 1 files in /opt/airflow/dags
[2025-08-19T15:14:21.296+0000] {manager.py:889} INFO - 
================================================================================
DAG File Processing Stats

File Path                              PID  Runtime      # DAGs    # Errors  Last Runtime    Last Run
-----------------------------------  -----  ---------  --------  ----------  --------------  ----------
/opt/airflow/dags/wikipedia_flow.py     19  0.05s             0           0
================================================================================
[2025-08-19T15:14:51.434+0000] {manager.py:889} INFO - 
================================================================================
DAG File Processing Stats

File Path                            PID    Runtime      # DAGs    # Errors  Last Runtime    Last Run
-----------------------------------  -----  ---------  --------  ----------  --------------  -------------------
/opt/airflow/dags/wikipedia_flow.py                           1           0  0.36s           2025-08-19T15:14:21
================================================================================
[2025-08-19T15:15:21.717+0000] {manager.py:889} INFO - 
================================================================================
DAG File Processing Stats

File Path                            PID    Runtime      # DAGs    # Errors  Last Runtime    Last Run
-----------------------------------  -----  ---------  --------  ----------  --------------  -------------------
/opt/airflow/dags/wikipedia_flow.py                           1           0  0.17s           2025-08-19T15:14:51
================================================================================
[2025-08-19T15:15:52.019+0000] {manager.py:889} INFO - 
================================================================================
DAG File Processing Stats

File Path                              PID  Runtime      # DAGs    # Errors  Last Runtime    Last Run
-----------------------------------  -----  ---------  --------  ----------  --------------  -------------------
/opt/airflow/dags/wikipedia_flow.py     40  0.01s             1           0  0.15s           2025-08-19T15:15:22
================================================================================
[2025-08-19T15:16:22.277+0000] {manager.py:889} INFO - 
================================================================================
DAG File Processing Stats

File Path                              PID  Runtime      # DAGs    # Errors  Last Runtime    Last Run
-----------------------------------  -----  ---------  --------  ----------  --------------  -------------------
/opt/airflow/dags/wikipedia_flow.py     41  0.01s             1           0  0.17s           2025-08-19T15:15:52
================================================================================
[2025-08-19T15:16:52.456+0000] {manager.py:889} INFO - 
================================================================================
DAG File Processing Stats

File Path                              PID  Runtime      # DAGs    # Errors  Last Runtime    Last Run
-----------------------------------  -----  ---------  --------  ----------  --------------  -------------------
/opt/airflow/dags/wikipedia_flow.py     42  0.00s             1           0  0.14s           2025-08-19T15:16:22
================================================================================
[2025-08-19T15:17:22.685+0000] {manager.py:889} INFO - 
================================================================================
DAG File Processing Stats

File Path                              PID  Runtime      # DAGs    # Errors  Last Runtime    Last Run
-----------------------------------  -----  ---------  --------  ----------  --------------  -------------------
/opt/airflow/dags/wikipedia_flow.py     43  0.01s             1           0  0.14s           2025-08-19T15:16:52
================================================================================
[2025-08-19T15:17:52.828+0000] {manager.py:889} INFO - 
================================================================================
DAG File Processing Stats

File Path                            PID    Runtime      # DAGs    # Errors  Last Runtime    Last Run
-----------------------------------  -----  ---------  --------  ----------  --------------  -------------------
/opt/airflow/dags/wikipedia_flow.py                           1           0  0.16s           2025-08-19T15:17:22
================================================================================
[2025-08-19T15:18:23.071+0000] {manager.py:889} INFO - 
================================================================================
DAG File Processing Stats

File Path                            PID    Runtime      # DAGs    # Errors  Last Runtime    Last Run
-----------------------------------  -----  ---------  --------  ----------  --------------  -------------------
/opt/airflow/dags/wikipedia_flow.py                           1           0  0.14s           2025-08-19T15:17:53
================================================================================
[2025-08-19T15:18:53.347+0000] {manager.py:889} INFO - 
================================================================================
DAG File Processing Stats

File Path                              PID  Runtime      # DAGs    # Errors  Last Runtime    Last Run
-----------------------------------  -----  ---------  --------  ----------  --------------  -------------------
/opt/airflow/dags/wikipedia_flow.py     64  0.01s             1           0  0.11s           2025-08-19T15:18:23
================================================================================
[2025-08-19T15:19:21.527+0000] {manager.py:758} INFO - Searching for files in /opt/airflow/dags
[2025-08-19T15:19:21.546+0000] {manager.py:761} INFO - There are 1 files in /opt/airflow/dags
[2025-08-19T15:19:23.574+0000] {manager.py:889} INFO - 
================================================================================
DAG File Processing Stats

File Path                              PID  Runtime      # DAGs    # Errors  Last Runtime    Last Run
-----------------------------------  -----  ---------  --------  ----------  --------------  -------------------
/opt/airflow/dags/wikipedia_flow.py     83  0.00s             1           0  0.12s           2025-08-19T15:18:53
================================================================================
[2025-08-19T15:19:53.723+0000] {manager.py:889} INFO - 
================================================================================
DAG File Processing Stats

File Path                              PID  Runtime      # DAGs    # Errors  Last Runtime    Last Run
-----------------------------------  -----  ---------  --------  ----------  --------------  -------------------
/opt/airflow/dags/wikipedia_flow.py     84  0.00s             1           0  0.11s           2025-08-19T15:19:23
================================================================================
[2025-08-19T15:20:23.887+0000] {manager.py:889} INFO - 
================================================================================
DAG File Processing Stats

File Path                              PID  Runtime      # DAGs    # Errors  Last Runtime    Last Run
-----------------------------------  -----  ---------  --------  ----------  --------------  -------------------
/opt/airflow/dags/wikipedia_flow.py     85  0.00s             1           0  0.12s           2025-08-19T15:19:53
================================================================================
[2025-08-19T15:20:54.066+0000] {manager.py:889} INFO - 
================================================================================
DAG File Processing Stats

File Path                              PID  Runtime      # DAGs    # Errors  Last Runtime    Last Run
-----------------------------------  -----  ---------  --------  ----------  --------------  -------------------
/opt/airflow/dags/wikipedia_flow.py     86  0.00s             1           0  0.12s           2025-08-19T15:20:23
================================================================================
[2025-08-19T15:21:24.222+0000] {manager.py:889} INFO - 
================================================================================
DAG File Processing Stats

File Path                              PID  Runtime      # DAGs    # Errors  Last Runtime    Last Run
-----------------------------------  -----  ---------  --------  ----------  --------------  -------------------
/opt/airflow/dags/wikipedia_flow.py    123  0.00s             1           0  0.15s           2025-08-19T15:20:54
================================================================================
[2025-08-19T15:21:54.443+0000] {manager.py:889} INFO - 
================================================================================
DAG File Processing Stats

File Path                              PID  Runtime      # DAGs    # Errors  Last Runtime    Last Run
-----------------------------------  -----  ---------  --------  ----------  --------------  -------------------
/opt/airflow/dags/wikipedia_flow.py    124  0.00s             1           0  0.12s           2025-08-19T15:21:24
================================================================================
[2025-08-19T15:22:24.586+0000] {manager.py:889} INFO - 
================================================================================
DAG File Processing Stats

File Path                              PID  Runtime      # DAGs    # Errors  Last Runtime    Last Run
-----------------------------------  -----  ---------  --------  ----------  --------------  -------------------
/opt/airflow/dags/wikipedia_flow.py    143  0.01s             1           0  0.12s           2025-08-19T15:21:54
================================================================================
[2025-08-19T15:22:54.796+0000] {manager.py:889} INFO - 
================================================================================
DAG File Processing Stats

File Path                              PID  Runtime      # DAGs    # Errors  Last Runtime    Last Run
-----------------------------------  -----  ---------  --------  ----------  --------------  -------------------
/opt/airflow/dags/wikipedia_flow.py    152  0.00s             1           0  0.14s           2025-08-19T15:22:24
================================================================================
[2025-08-19T15:23:24.944+0000] {manager.py:889} INFO - 
================================================================================
DAG File Processing Stats

File Path                              PID  Runtime      # DAGs    # Errors  Last Runtime    Last Run
-----------------------------------  -----  ---------  --------  ----------  --------------  -------------------
/opt/airflow/dags/wikipedia_flow.py    159  0.01s             1           0  0.12s           2025-08-19T15:22:54
================================================================================
[2025-08-19T15:23:55.143+0000] {manager.py:889} INFO - 
================================================================================
DAG File Processing Stats

File Path                              PID  Runtime      # DAGs    # Errors  Last Runtime    Last Run
-----------------------------------  -----  ---------  --------  ----------  --------------  -------------------
/opt/airflow/dags/wikipedia_flow.py    160  0.01s             1           0  0.13s           2025-08-19T15:23:25
================================================================================
[2025-08-19T15:24:22.267+0000] {manager.py:758} INFO - Searching for files in /opt/airflow/dags
[2025-08-19T15:24:22.282+0000] {manager.py:761} INFO - There are 1 files in /opt/airflow/dags
[2025-08-19T15:24:25.311+0000] {manager.py:889} INFO - 
================================================================================
DAG File Processing Stats

File Path                              PID  Runtime      # DAGs    # Errors  Last Runtime    Last Run
-----------------------------------  -----  ---------  --------  ----------  --------------  -------------------
/opt/airflow/dags/wikipedia_flow.py    161  0.00s             1           0  0.12s           2025-08-19T15:23:55
================================================================================
[2025-08-19T15:24:55.494+0000] {manager.py:889} INFO - 
================================================================================
DAG File Processing Stats

File Path                              PID  Runtime      # DAGs    # Errors  Last Runtime    Last Run
-----------------------------------  -----  ---------  --------  ----------  --------------  -------------------
/opt/airflow/dags/wikipedia_flow.py    162  0.01s             1           0  0.11s           2025-08-19T15:24:25
================================================================================
[2025-08-19T15:25:25.655+0000] {manager.py:889} INFO - 
================================================================================
DAG File Processing Stats

File Path                              PID  Runtime      # DAGs    # Errors  Last Runtime    Last Run
-----------------------------------  -----  ---------  --------  ----------  --------------  -------------------
/opt/airflow/dags/wikipedia_flow.py    163  0.01s             1           0  0.14s           2025-08-19T15:24:55
================================================================================
[2025-08-19T15:25:55.879+0000] {manager.py:889} INFO - 
================================================================================
DAG File Processing Stats

File Path                              PID  Runtime      # DAGs    # Errors  Last Runtime    Last Run
-----------------------------------  -----  ---------  --------  ----------  --------------  -------------------
/opt/airflow/dags/wikipedia_flow.py    164  0.00s             1           0  0.15s           2025-08-19T15:25:25
================================================================================
[2025-08-19T15:26:26.044+0000] {manager.py:889} INFO - 
================================================================================
DAG File Processing Stats

File Path                              PID  Runtime      # DAGs    # Errors  Last Runtime    Last Run
-----------------------------------  -----  ---------  --------  ----------  --------------  -------------------
/opt/airflow/dags/wikipedia_flow.py    165  0.01s             1           0  0.12s           2025-08-19T15:25:55
================================================================================
[2025-08-19T15:26:56.238+0000] {manager.py:889} INFO - 
================================================================================
DAG File Processing Stats

File Path                              PID  Runtime      # DAGs    # Errors  Last Runtime    Last Run
-----------------------------------  -----  ---------  --------  ----------  --------------  -------------------
/opt/airflow/dags/wikipedia_flow.py    166  0.00s             0           1  0.13s           2025-08-19T15:26:26
================================================================================
[2025-08-19T15:27:26.409+0000] {manager.py:889} INFO - 
================================================================================
DAG File Processing Stats

File Path                              PID  Runtime      # DAGs    # Errors  Last Runtime    Last Run
-----------------------------------  -----  ---------  --------  ----------  --------------  -------------------
/opt/airflow/dags/wikipedia_flow.py    167  0.00s             0           1  0.07s           2025-08-19T15:26:56
================================================================================
[2025-08-19T15:27:56.559+0000] {manager.py:889} INFO - 
================================================================================
DAG File Processing Stats

File Path                              PID  Runtime      # DAGs    # Errors  Last Runtime    Last Run
-----------------------------------  -----  ---------  --------  ----------  --------------  -------------------
/opt/airflow/dags/wikipedia_flow.py    168  0.00s             0           1  0.06s           2025-08-19T15:27:26
================================================================================
[2025-08-19T15:28:26.710+0000] {manager.py:889} INFO - 
================================================================================
DAG File Processing Stats

File Path                              PID  Runtime      # DAGs    # Errors  Last Runtime    Last Run
-----------------------------------  -----  ---------  --------  ----------  --------------  -------------------
/opt/airflow/dags/wikipedia_flow.py    169  0.01s             0           1  0.07s           2025-08-19T15:27:56
================================================================================
[2025-08-19T15:28:56.851+0000] {manager.py:889} INFO - 
================================================================================
DAG File Processing Stats

File Path                            PID    Runtime      # DAGs    # Errors  Last Runtime    Last Run
-----------------------------------  -----  ---------  --------  ----------  --------------  -------------------
/opt/airflow/dags/wikipedia_flow.py                           1           0  0.18s           2025-08-19T15:28:26
================================================================================
[2025-08-19T15:29:23.108+0000] {manager.py:758} INFO - Searching for files in /opt/airflow/dags
[2025-08-19T15:29:23.124+0000] {manager.py:761} INFO - There are 1 files in /opt/airflow/dags
[2025-08-19T15:29:27.161+0000] {manager.py:889} INFO - 
================================================================================
DAG File Processing Stats

File Path                              PID  Runtime      # DAGs    # Errors  Last Runtime    Last Run
-----------------------------------  -----  ---------  --------  ----------  --------------  -------------------
/opt/airflow/dags/wikipedia_flow.py    171  0.00s             0           1  0.07s           2025-08-19T15:28:57
================================================================================
[2025-08-19T15:29:57.316+0000] {manager.py:889} INFO - 
================================================================================
DAG File Processing Stats

File Path                              PID  Runtime      # DAGs    # Errors  Last Runtime    Last Run
-----------------------------------  -----  ---------  --------  ----------  --------------  -------------------
/opt/airflow/dags/wikipedia_flow.py    172  0.00s             0           1  0.07s           2025-08-19T15:29:27
================================================================================
[2025-08-19T15:30:27.468+0000] {manager.py:889} INFO - 
================================================================================
DAG File Processing Stats

File Path                              PID  Runtime      # DAGs    # Errors  Last Runtime    Last Run
-----------------------------------  -----  ---------  --------  ----------  --------------  -------------------
/opt/airflow/dags/wikipedia_flow.py    173  0.00s             1           0  0.13s           2025-08-19T15:29:57
================================================================================
[2025-08-19T15:30:57.608+0000] {manager.py:889} INFO - 
================================================================================
DAG File Processing Stats

File Path                              PID  Runtime      # DAGs    # Errors  Last Runtime    Last Run
-----------------------------------  -----  ---------  --------  ----------  --------------  -------------------
/opt/airflow/dags/wikipedia_flow.py    174  0.00s             0           1  0.08s           2025-08-19T15:30:27
================================================================================
[2025-08-19T15:31:27.785+0000] {manager.py:889} INFO - 
================================================================================
DAG File Processing Stats

File Path                              PID  Runtime      # DAGs    # Errors  Last Runtime    Last Run
-----------------------------------  -----  ---------  --------  ----------  --------------  -------------------
/opt/airflow/dags/wikipedia_flow.py    175  0.01s             1           0  0.14s           2025-08-19T15:30:57
================================================================================
[2025-08-19T15:31:57.997+0000] {manager.py:889} INFO - 
================================================================================
DAG File Processing Stats

File Path                              PID  Runtime      # DAGs    # Errors  Last Runtime    Last Run
-----------------------------------  -----  ---------  --------  ----------  --------------  -------------------
/opt/airflow/dags/wikipedia_flow.py    176  0.01s             0           1  0.08s           2025-08-19T15:31:27
================================================================================
[2025-08-19T15:32:28.148+0000] {manager.py:889} INFO - 
================================================================================
DAG File Processing Stats

File Path                              PID  Runtime      # DAGs    # Errors  Last Runtime    Last Run
-----------------------------------  -----  ---------  --------  ----------  --------------  -------------------
/opt/airflow/dags/wikipedia_flow.py    177  0.01s             1           0  0.14s           2025-08-19T15:31:58
================================================================================
[2025-08-19T15:32:58.401+0000] {manager.py:889} INFO - 
================================================================================
DAG File Processing Stats

File Path                              PID  Runtime      # DAGs    # Errors  Last Runtime    Last Run
-----------------------------------  -----  ---------  --------  ----------  --------------  -------------------
/opt/airflow/dags/wikipedia_flow.py    178  0.00s             1           0  0.13s           2025-08-19T15:32:28
================================================================================
[2025-08-19T15:33:28.559+0000] {manager.py:889} INFO - 
================================================================================
DAG File Processing Stats

File Path                              PID  Runtime      # DAGs    # Errors  Last Runtime    Last Run
-----------------------------------  -----  ---------  --------  ----------  --------------  -------------------
/opt/airflow/dags/wikipedia_flow.py    179  0.00s             1           0  0.13s           2025-08-19T15:32:58
================================================================================
[2025-08-19T15:33:58.780+0000] {manager.py:889} INFO - 
================================================================================
DAG File Processing Stats

File Path                              PID  Runtime      # DAGs    # Errors  Last Runtime    Last Run
-----------------------------------  -----  ---------  --------  ----------  --------------  -------------------
/opt/airflow/dags/wikipedia_flow.py    180  0.00s             1           0  0.13s           2025-08-19T15:33:28
================================================================================
[2025-08-19T15:34:23.900+0000] {manager.py:758} INFO - Searching for files in /opt/airflow/dags
[2025-08-19T15:34:23.914+0000] {manager.py:761} INFO - There are 1 files in /opt/airflow/dags
[2025-08-19T15:34:28.952+0000] {manager.py:889} INFO - 
================================================================================
DAG File Processing Stats

File Path                              PID  Runtime      # DAGs    # Errors  Last Runtime    Last Run
-----------------------------------  -----  ---------  --------  ----------  --------------  -------------------
/opt/airflow/dags/wikipedia_flow.py    181  0.00s             1           0  0.15s           2025-08-19T15:33:58
================================================================================
[2025-08-19T15:34:59.169+0000] {manager.py:889} INFO - 
================================================================================
DAG File Processing Stats

File Path                              PID  Runtime      # DAGs    # Errors  Last Runtime    Last Run
-----------------------------------  -----  ---------  --------  ----------  --------------  -------------------
/opt/airflow/dags/wikipedia_flow.py    182  0.00s             1           0  0.13s           2025-08-19T15:34:29
================================================================================
[2025-08-19T15:35:29.311+0000] {manager.py:889} INFO - 
================================================================================
DAG File Processing Stats

File Path                              PID  Runtime      # DAGs    # Errors  Last Runtime    Last Run
-----------------------------------  -----  ---------  --------  ----------  --------------  -------------------
/opt/airflow/dags/wikipedia_flow.py    209  0.00s             1           0  0.12s           2025-08-19T15:34:59
================================================================================
[2025-08-19T15:35:59.526+0000] {manager.py:889} INFO - 
================================================================================
DAG File Processing Stats

File Path                              PID  Runtime      # DAGs    # Errors  Last Runtime    Last Run
-----------------------------------  -----  ---------  --------  ----------  --------------  -------------------
/opt/airflow/dags/wikipedia_flow.py    210  0.00s             1           0  0.12s           2025-08-19T15:35:29
================================================================================
[2025-08-19T15:36:29.693+0000] {manager.py:889} INFO - 
================================================================================
DAG File Processing Stats

File Path                              PID  Runtime      # DAGs    # Errors  Last Runtime    Last Run
-----------------------------------  -----  ---------  --------  ----------  --------------  -------------------
/opt/airflow/dags/wikipedia_flow.py    211  0.00s             1           0  0.12s           2025-08-19T15:35:59
================================================================================
[2025-08-19T15:36:59.898+0000] {manager.py:889} INFO - 
================================================================================
DAG File Processing Stats

File Path                              PID  Runtime      # DAGs    # Errors  Last Runtime    Last Run
-----------------------------------  -----  ---------  --------  ----------  --------------  -------------------
/opt/airflow/dags/wikipedia_flow.py    212  0.01s             1           0  0.13s           2025-08-19T15:36:29
================================================================================
[2025-08-19T15:37:30.060+0000] {manager.py:889} INFO - 
================================================================================
DAG File Processing Stats

File Path                            PID    Runtime      # DAGs    # Errors  Last Runtime    Last Run
-----------------------------------  -----  ---------  --------  ----------  --------------  -------------------
/opt/airflow/dags/wikipedia_flow.py                           1           0  0.17s           2025-08-19T15:37:00
================================================================================
[2025-08-19T15:38:00.299+0000] {manager.py:889} INFO - 
================================================================================
DAG File Processing Stats

File Path                            PID    Runtime      # DAGs    # Errors  Last Runtime    Last Run
-----------------------------------  -----  ---------  --------  ----------  --------------  -------------------
/opt/airflow/dags/wikipedia_flow.py                           1           0  0.14s           2025-08-19T15:37:30
================================================================================
[2025-08-19T15:38:30.554+0000] {manager.py:889} INFO - 
================================================================================
DAG File Processing Stats

File Path                              PID  Runtime      # DAGs    # Errors  Last Runtime    Last Run
-----------------------------------  -----  ---------  --------  ----------  --------------  -------------------
/opt/airflow/dags/wikipedia_flow.py    215  0.01s             1           0  0.13s           2025-08-19T15:38:00
================================================================================
[2025-08-19T15:39:00.785+0000] {manager.py:889} INFO - 
================================================================================
DAG File Processing Stats

File Path                              PID  Runtime      # DAGs    # Errors  Last Runtime    Last Run
-----------------------------------  -----  ---------  --------  ----------  --------------  -------------------
/opt/airflow/dags/wikipedia_flow.py    216  0.00s             1           0  0.14s           2025-08-19T15:38:30
================================================================================
[2025-08-19T15:39:23.988+0000] {manager.py:758} INFO - Searching for files in /opt/airflow/dags
[2025-08-19T15:39:24.006+0000] {manager.py:761} INFO - There are 1 files in /opt/airflow/dags
[2025-08-19T15:39:30.938+0000] {manager.py:889} INFO - 
================================================================================
DAG File Processing Stats

File Path                              PID  Runtime      # DAGs    # Errors  Last Runtime    Last Run
-----------------------------------  -----  ---------  --------  ----------  --------------  -------------------
/opt/airflow/dags/wikipedia_flow.py    217  0.00s             1           0  0.13s           2025-08-19T15:39:00
================================================================================
[2025-08-19T15:40:01.192+0000] {manager.py:889} INFO - 
================================================================================
DAG File Processing Stats

File Path                              PID  Runtime      # DAGs    # Errors  Last Runtime    Last Run
-----------------------------------  -----  ---------  --------  ----------  --------------  -------------------
/opt/airflow/dags/wikipedia_flow.py    218  0.00s             1           0  0.13s           2025-08-19T15:39:31
================================================================================
[2025-08-19T15:40:31.340+0000] {manager.py:889} INFO - 
================================================================================
DAG File Processing Stats

File Path                              PID  Runtime      # DAGs    # Errors  Last Runtime    Last Run
-----------------------------------  -----  ---------  --------  ----------  --------------  -------------------
/opt/airflow/dags/wikipedia_flow.py    219  0.00s             0           1  0.08s           2025-08-19T15:40:01
================================================================================
[2025-08-19T15:41:01.529+0000] {manager.py:889} INFO - 
================================================================================
DAG File Processing Stats

File Path                              PID  Runtime      # DAGs    # Errors  Last Runtime    Last Run
-----------------------------------  -----  ---------  --------  ----------  --------------  -------------------
/opt/airflow/dags/wikipedia_flow.py    220  0.01s             1           0  0.14s           2025-08-19T15:40:31
================================================================================
[2025-08-19T15:41:31.725+0000] {manager.py:889} INFO - 
================================================================================
DAG File Processing Stats

File Path                              PID  Runtime      # DAGs    # Errors  Last Runtime    Last Run
-----------------------------------  -----  ---------  --------  ----------  --------------  -------------------
/opt/airflow/dags/wikipedia_flow.py    221  0.01s             1           0  0.13s           2025-08-19T15:41:01
================================================================================
[2025-08-19T15:42:02.124+0000] {manager.py:889} INFO - 
================================================================================
DAG File Processing Stats

File Path                            PID    Runtime      # DAGs    # Errors  Last Runtime    Last Run
-----------------------------------  -----  ---------  --------  ----------  --------------  -------------------
/opt/airflow/dags/wikipedia_flow.py                           0           1  0.08s           2025-08-19T15:41:57
================================================================================
[2025-08-19T15:42:32.470+0000] {manager.py:889} INFO - 
================================================================================
DAG File Processing Stats

File Path                            PID    Runtime      # DAGs    # Errors  Last Runtime    Last Run
-----------------------------------  -----  ---------  --------  ----------  --------------  -------------------
/opt/airflow/dags/wikipedia_flow.py                           1           0  0.15s           2025-08-19T15:42:15
================================================================================
[2025-08-19T15:43:02.836+0000] {manager.py:889} INFO - 
================================================================================
DAG File Processing Stats

File Path                            PID    Runtime      # DAGs    # Errors  Last Runtime    Last Run
-----------------------------------  -----  ---------  --------  ----------  --------------  -------------------
/opt/airflow/dags/wikipedia_flow.py                           1           0  0.10s           2025-08-19T15:42:44
================================================================================
[2025-08-19T15:43:32.981+0000] {manager.py:889} INFO - 
================================================================================
DAG File Processing Stats

File Path                            PID    Runtime      # DAGs    # Errors  Last Runtime    Last Run
-----------------------------------  -----  ---------  --------  ----------  --------------  -------------------
/opt/airflow/dags/wikipedia_flow.py                           1           0  0.14s           2025-08-19T15:43:15
================================================================================
[2025-08-19T15:44:03.195+0000] {manager.py:889} INFO - 
================================================================================
DAG File Processing Stats

File Path                            PID    Runtime      # DAGs    # Errors  Last Runtime    Last Run
-----------------------------------  -----  ---------  --------  ----------  --------------  -------------------
/opt/airflow/dags/wikipedia_flow.py                           0           1  0.08s           2025-08-19T15:43:45
================================================================================
[2025-08-19T15:44:24.018+0000] {manager.py:758} INFO - Searching for files in /opt/airflow/dags
[2025-08-19T15:44:24.034+0000] {manager.py:761} INFO - There are 1 files in /opt/airflow/dags
[2025-08-19T15:44:33.370+0000] {manager.py:889} INFO - 
================================================================================
DAG File Processing Stats

File Path                            PID    Runtime      # DAGs    # Errors  Last Runtime    Last Run
-----------------------------------  -----  ---------  --------  ----------  --------------  -------------------
/opt/airflow/dags/wikipedia_flow.py                           1           0  0.75s           2025-08-19T15:44:16
================================================================================
[2025-08-19T15:45:04.216+0000] {manager.py:889} INFO - 
================================================================================
DAG File Processing Stats

File Path                            PID    Runtime      # DAGs    # Errors  Last Runtime    Last Run
-----------------------------------  -----  ---------  --------  ----------  --------------  -------------------
/opt/airflow/dags/wikipedia_flow.py                           0           1  0.08s           2025-08-19T15:44:46
================================================================================
[2025-08-19T15:45:34.372+0000] {manager.py:889} INFO - 
================================================================================
DAG File Processing Stats

File Path                            PID    Runtime      # DAGs    # Errors  Last Runtime    Last Run
-----------------------------------  -----  ---------  --------  ----------  --------------  -------------------
/opt/airflow/dags/wikipedia_flow.py                           0           1  0.08s           2025-08-19T15:45:16
================================================================================
[2025-08-19T15:46:04.502+0000] {manager.py:889} INFO - 
================================================================================
DAG File Processing Stats

File Path                            PID    Runtime      # DAGs    # Errors  Last Runtime    Last Run
-----------------------------------  -----  ---------  --------  ----------  --------------  -------------------
/opt/airflow/dags/wikipedia_flow.py                           0           1  0.08s           2025-08-19T15:45:46
================================================================================
[2025-08-19T15:46:34.645+0000] {manager.py:889} INFO - 
================================================================================
DAG File Processing Stats

File Path                            PID    Runtime      # DAGs    # Errors  Last Runtime    Last Run
-----------------------------------  -----  ---------  --------  ----------  --------------  -------------------
/opt/airflow/dags/wikipedia_flow.py                           0           1  0.07s           2025-08-19T15:46:16
================================================================================
[2025-08-19T15:47:04.777+0000] {manager.py:889} INFO - 
================================================================================
DAG File Processing Stats

File Path                            PID    Runtime      # DAGs    # Errors  Last Runtime    Last Run
-----------------------------------  -----  ---------  --------  ----------  --------------  -------------------
/opt/airflow/dags/wikipedia_flow.py                           0           1  0.07s           2025-08-19T15:46:46
================================================================================
[2025-08-19T15:47:34.919+0000] {manager.py:889} INFO - 
================================================================================
DAG File Processing Stats

File Path                            PID    Runtime      # DAGs    # Errors  Last Runtime    Last Run
-----------------------------------  -----  ---------  --------  ----------  --------------  -------------------
/opt/airflow/dags/wikipedia_flow.py                           0           1  0.09s           2025-08-19T15:47:16
================================================================================
[2025-08-19T15:48:05.078+0000] {manager.py:889} INFO - 
================================================================================
DAG File Processing Stats

File Path                            PID    Runtime      # DAGs    # Errors  Last Runtime    Last Run
-----------------------------------  -----  ---------  --------  ----------  --------------  -------------------
/opt/airflow/dags/wikipedia_flow.py                           0           1  0.09s           2025-08-19T15:47:47
================================================================================
[2025-08-19T15:48:35.213+0000] {manager.py:889} INFO - 
================================================================================
DAG File Processing Stats

File Path                            PID    Runtime      # DAGs    # Errors  Last Runtime    Last Run
-----------------------------------  -----  ---------  --------  ----------  --------------  -------------------
/opt/airflow/dags/wikipedia_flow.py                           0           1  0.08s           2025-08-19T15:48:17
================================================================================
[2025-08-19T15:49:05.353+0000] {manager.py:889} INFO - 
================================================================================
DAG File Processing Stats

File Path                            PID    Runtime      # DAGs    # Errors  Last Runtime    Last Run
-----------------------------------  -----  ---------  --------  ----------  --------------  -------------------
/opt/airflow/dags/wikipedia_flow.py                           0           1  0.07s           2025-08-19T15:48:47
================================================================================
[2025-08-19T15:49:24.434+0000] {manager.py:758} INFO - Searching for files in /opt/airflow/dags
[2025-08-19T15:49:24.451+0000] {manager.py:761} INFO - There are 1 files in /opt/airflow/dags
[2025-08-19T15:49:35.513+0000] {manager.py:889} INFO - 
================================================================================
DAG File Processing Stats

File Path                            PID    Runtime      # DAGs    # Errors  Last Runtime    Last Run
-----------------------------------  -----  ---------  --------  ----------  --------------  -------------------
/opt/airflow/dags/wikipedia_flow.py                           0           1  0.08s           2025-08-19T15:49:17
================================================================================
[2025-08-19T15:50:05.638+0000] {manager.py:889} INFO - 
================================================================================
DAG File Processing Stats

File Path                            PID    Runtime      # DAGs    # Errors  Last Runtime    Last Run
-----------------------------------  -----  ---------  --------  ----------  --------------  -------------------
/opt/airflow/dags/wikipedia_flow.py                           1           0  0.76s           2025-08-19T15:49:48
================================================================================
[2025-08-19T15:50:35.743+0000] {manager.py:889} INFO - 
================================================================================
DAG File Processing Stats

File Path                            PID    Runtime      # DAGs    # Errors  Last Runtime    Last Run
-----------------------------------  -----  ---------  --------  ----------  --------------  -------------------
/opt/airflow/dags/wikipedia_flow.py                           1           0  0.60s           2025-08-19T15:50:19
================================================================================
[2025-08-19T15:51:05.865+0000] {manager.py:889} INFO - 
================================================================================
DAG File Processing Stats

File Path                            PID    Runtime      # DAGs    # Errors  Last Runtime    Last Run
-----------------------------------  -----  ---------  --------  ----------  --------------  -------------------
/opt/airflow/dags/wikipedia_flow.py                           1           0  0.74s           2025-08-19T15:50:49
================================================================================
[2025-08-19T15:51:36.081+0000] {manager.py:889} INFO - 
================================================================================
DAG File Processing Stats

File Path                            PID    Runtime      # DAGs    # Errors  Last Runtime    Last Run
-----------------------------------  -----  ---------  --------  ----------  --------------  -------------------
/opt/airflow/dags/wikipedia_flow.py                           1           0  0.51s           2025-08-19T15:51:20
================================================================================
[2025-08-19T15:52:06.205+0000] {manager.py:889} INFO - 
================================================================================
DAG File Processing Stats

File Path                            PID    Runtime      # DAGs    # Errors  Last Runtime    Last Run
-----------------------------------  -----  ---------  --------  ----------  --------------  -------------------
/opt/airflow/dags/wikipedia_flow.py                           1           0  0.50s           2025-08-19T15:51:51
================================================================================
[2025-08-19T15:52:36.339+0000] {manager.py:889} INFO - 
================================================================================
DAG File Processing Stats

File Path                            PID    Runtime      # DAGs    # Errors  Last Runtime    Last Run
-----------------------------------  -----  ---------  --------  ----------  --------------  -------------------
/opt/airflow/dags/wikipedia_flow.py                           1           0  0.46s           2025-08-19T15:52:21
================================================================================
[2025-08-19T15:53:06.902+0000] {manager.py:889} INFO - 
================================================================================
DAG File Processing Stats

File Path                            PID    Runtime      # DAGs    # Errors  Last Runtime    Last Run
-----------------------------------  -----  ---------  --------  ----------  --------------  -------------------
/opt/airflow/dags/wikipedia_flow.py                           0           1  0.08s           2025-08-19T15:52:51
================================================================================
[2025-08-19T15:53:37.076+0000] {manager.py:889} INFO - 
================================================================================
DAG File Processing Stats

File Path                            PID    Runtime      # DAGs    # Errors  Last Runtime    Last Run
-----------------------------------  -----  ---------  --------  ----------  --------------  -------------------
/opt/airflow/dags/wikipedia_flow.py                           0           1  0.07s           2025-08-19T15:53:22
================================================================================
[2025-08-19T15:54:07.198+0000] {manager.py:889} INFO - 
================================================================================
DAG File Processing Stats

File Path                            PID    Runtime      # DAGs    # Errors  Last Runtime    Last Run
-----------------------------------  -----  ---------  --------  ----------  --------------  -------------------
/opt/airflow/dags/wikipedia_flow.py                           1           0  0.64s           2025-08-19T15:53:52
================================================================================
[2025-08-19T15:54:25.243+0000] {manager.py:758} INFO - Searching for files in /opt/airflow/dags
[2025-08-19T15:54:25.260+0000] {manager.py:761} INFO - There are 1 files in /opt/airflow/dags
[2025-08-19T15:54:37.327+0000] {manager.py:889} INFO - 
================================================================================
DAG File Processing Stats

File Path                            PID    Runtime      # DAGs    # Errors  Last Runtime    Last Run
-----------------------------------  -----  ---------  --------  ----------  --------------  -------------------
/opt/airflow/dags/wikipedia_flow.py                           1           0  0.47s           2025-08-19T15:54:23
================================================================================
[2025-08-19T15:55:07.496+0000] {manager.py:889} INFO - 
================================================================================
DAG File Processing Stats

File Path                            PID    Runtime      # DAGs    # Errors  Last Runtime    Last Run
-----------------------------------  -----  ---------  --------  ----------  --------------  -------------------
/opt/airflow/dags/wikipedia_flow.py                           1           0  0.54s           2025-08-19T15:54:53
================================================================================
[2025-08-19T15:55:37.591+0000] {manager.py:889} INFO - 
================================================================================
DAG File Processing Stats

File Path                            PID    Runtime      # DAGs    # Errors  Last Runtime    Last Run
-----------------------------------  -----  ---------  --------  ----------  --------------  -------------------
/opt/airflow/dags/wikipedia_flow.py                           1           0  0.49s           2025-08-19T15:55:24
================================================================================
[2025-08-19T15:56:07.696+0000] {manager.py:889} INFO - 
================================================================================
DAG File Processing Stats

File Path                            PID    Runtime      # DAGs    # Errors  Last Runtime    Last Run
-----------------------------------  -----  ---------  --------  ----------  --------------  -------------------
/opt/airflow/dags/wikipedia_flow.py                           1           0  0.51s           2025-08-19T15:55:55
================================================================================
[2025-08-19T15:56:37.807+0000] {manager.py:889} INFO - 
================================================================================
DAG File Processing Stats

File Path                            PID    Runtime      # DAGs    # Errors  Last Runtime    Last Run
-----------------------------------  -----  ---------  --------  ----------  --------------  -------------------
/opt/airflow/dags/wikipedia_flow.py                           1           0  0.66s           2025-08-19T15:56:25
================================================================================
[2025-08-19T15:57:08.059+0000] {manager.py:889} INFO - 
================================================================================
DAG File Processing Stats

File Path                            PID    Runtime      # DAGs    # Errors  Last Runtime    Last Run
-----------------------------------  -----  ---------  --------  ----------  --------------  -------------------
/opt/airflow/dags/wikipedia_flow.py                           1           0  0.66s           2025-08-19T15:56:56
================================================================================
[2025-08-19T15:57:38.171+0000] {manager.py:889} INFO - 
================================================================================
DAG File Processing Stats

File Path                            PID    Runtime      # DAGs    # Errors  Last Runtime    Last Run
-----------------------------------  -----  ---------  --------  ----------  --------------  -------------------
/opt/airflow/dags/wikipedia_flow.py                           1           0  0.44s           2025-08-19T15:57:27
================================================================================
[2025-08-19T15:58:08.350+0000] {manager.py:889} INFO - 
================================================================================
DAG File Processing Stats

File Path                            PID    Runtime      # DAGs    # Errors  Last Runtime    Last Run
-----------------------------------  -----  ---------  --------  ----------  --------------  -------------------
/opt/airflow/dags/wikipedia_flow.py                           1           0  0.47s           2025-08-19T15:57:57
================================================================================
[2025-08-19T15:58:38.335+0000] {manager.py:889} INFO - 
================================================================================
DAG File Processing Stats

File Path                            PID    Runtime      # DAGs    # Errors  Last Runtime    Last Run
-----------------------------------  -----  ---------  --------  ----------  --------------  -------------------
/opt/airflow/dags/wikipedia_flow.py                           1           0  0.49s           2025-08-19T15:58:28
================================================================================
[2025-08-19T15:59:08.483+0000] {manager.py:889} INFO - 
================================================================================
DAG File Processing Stats

File Path                            PID    Runtime      # DAGs    # Errors  Last Runtime    Last Run
-----------------------------------  -----  ---------  --------  ----------  --------------  -------------------
/opt/airflow/dags/wikipedia_flow.py                           1           0  0.48s           2025-08-19T15:58:58
================================================================================
[2025-08-19T15:59:25.524+0000] {manager.py:758} INFO - Searching for files in /opt/airflow/dags
[2025-08-19T15:59:25.540+0000] {manager.py:761} INFO - There are 1 files in /opt/airflow/dags
[2025-08-19T15:59:38.614+0000] {manager.py:889} INFO - 
================================================================================
DAG File Processing Stats

File Path                            PID    Runtime      # DAGs    # Errors  Last Runtime    Last Run
-----------------------------------  -----  ---------  --------  ----------  --------------  -------------------
/opt/airflow/dags/wikipedia_flow.py                           1           0  0.64s           2025-08-19T15:59:29
================================================================================
[2025-08-19T16:00:08.806+0000] {manager.py:889} INFO - 
================================================================================
DAG File Processing Stats

File Path                            PID    Runtime      # DAGs    # Errors  Last Runtime    Last Run
-----------------------------------  -----  ---------  --------  ----------  --------------  -------------------
/opt/airflow/dags/wikipedia_flow.py                           1           0  0.61s           2025-08-19T16:00:00
================================================================================
[2025-08-19T16:00:38.913+0000] {manager.py:889} INFO - 
================================================================================
DAG File Processing Stats

File Path                            PID    Runtime      # DAGs    # Errors  Last Runtime    Last Run
-----------------------------------  -----  ---------  --------  ----------  --------------  -------------------
/opt/airflow/dags/wikipedia_flow.py                           1           0  0.54s           2025-08-19T16:00:30
================================================================================
[2025-08-19T16:01:09.091+0000] {manager.py:889} INFO - 
================================================================================
DAG File Processing Stats

File Path                            PID    Runtime      # DAGs    # Errors  Last Runtime    Last Run
-----------------------------------  -----  ---------  --------  ----------  --------------  -------------------
/opt/airflow/dags/wikipedia_flow.py                           1           0  0.54s           2025-08-19T16:01:01
================================================================================
[2025-08-19T16:01:39.190+0000] {manager.py:889} INFO - 
================================================================================
DAG File Processing Stats

File Path                            PID    Runtime      # DAGs    # Errors  Last Runtime    Last Run
-----------------------------------  -----  ---------  --------  ----------  --------------  -------------------
/opt/airflow/dags/wikipedia_flow.py                           1           0  0.55s           2025-08-19T16:01:32
================================================================================
[2025-08-19T16:02:09.300+0000] {manager.py:889} INFO - 
================================================================================
DAG File Processing Stats

File Path                            PID    Runtime      # DAGs    # Errors  Last Runtime    Last Run
-----------------------------------  -----  ---------  --------  ----------  --------------  -------------------
/opt/airflow/dags/wikipedia_flow.py                           1           0  0.68s           2025-08-19T16:02:02
================================================================================
[2025-08-19T16:02:39.407+0000] {manager.py:889} INFO - 
================================================================================
DAG File Processing Stats

File Path                            PID    Runtime      # DAGs    # Errors  Last Runtime    Last Run
-----------------------------------  -----  ---------  --------  ----------  --------------  -------------------
/opt/airflow/dags/wikipedia_flow.py                           1           0  0.79s           2025-08-19T16:02:33
================================================================================
[2025-08-19T16:03:09.493+0000] {manager.py:889} INFO - 
================================================================================
DAG File Processing Stats

File Path                            PID    Runtime      # DAGs    # Errors  Last Runtime    Last Run
-----------------------------------  -----  ---------  --------  ----------  --------------  -------------------
/opt/airflow/dags/wikipedia_flow.py                           1           0  0.73s           2025-08-19T16:03:04
================================================================================
[2025-08-19T16:03:39.808+0000] {manager.py:889} INFO - 
================================================================================
DAG File Processing Stats

File Path                            PID    Runtime      # DAGs    # Errors  Last Runtime    Last Run
-----------------------------------  -----  ---------  --------  ----------  --------------  -------------------
/opt/airflow/dags/wikipedia_flow.py                           1           0  0.54s           2025-08-19T16:03:35
================================================================================
[2025-08-19T16:04:09.918+0000] {manager.py:889} INFO - 
================================================================================
DAG File Processing Stats

File Path                            PID    Runtime      # DAGs    # Errors  Last Runtime    Last Run
-----------------------------------  -----  ---------  --------  ----------  --------------  -------------------
/opt/airflow/dags/wikipedia_flow.py                           1           0  0.59s           2025-08-19T16:04:06
================================================================================
[2025-08-19T16:04:25.959+0000] {manager.py:758} INFO - Searching for files in /opt/airflow/dags
[2025-08-19T16:04:25.980+0000] {manager.py:761} INFO - There are 1 files in /opt/airflow/dags
[2025-08-19T16:04:40.138+0000] {manager.py:889} INFO - 
================================================================================
DAG File Processing Stats

File Path                            PID    Runtime      # DAGs    # Errors  Last Runtime    Last Run
-----------------------------------  -----  ---------  --------  ----------  --------------  -------------------
/opt/airflow/dags/wikipedia_flow.py                           1           0  0.57s           2025-08-19T16:04:36
================================================================================
[2025-08-19T16:05:10.225+0000] {manager.py:889} INFO - 
================================================================================
DAG File Processing Stats

File Path                            PID    Runtime      # DAGs    # Errors  Last Runtime    Last Run
-----------------------------------  -----  ---------  --------  ----------  --------------  -------------------
/opt/airflow/dags/wikipedia_flow.py                           1           0  0.70s           2025-08-19T16:05:07
================================================================================
[2025-08-19T16:05:40.340+0000] {manager.py:889} INFO - 
================================================================================
DAG File Processing Stats

File Path                            PID    Runtime      # DAGs    # Errors  Last Runtime    Last Run
-----------------------------------  -----  ---------  --------  ----------  --------------  -------------------
/opt/airflow/dags/wikipedia_flow.py                           1           0  0.89s           2025-08-19T16:05:38
================================================================================
[2025-08-19T16:06:10.474+0000] {manager.py:889} INFO - 
================================================================================
DAG File Processing Stats

File Path                            PID    Runtime      # DAGs    # Errors  Last Runtime    Last Run
-----------------------------------  -----  ---------  --------  ----------  --------------  -------------------
/opt/airflow/dags/wikipedia_flow.py                           1           0  0.72s           2025-08-19T16:06:09
================================================================================
[2025-08-19T16:06:40.592+0000] {manager.py:889} INFO - 
================================================================================
DAG File Processing Stats

File Path                            PID    Runtime      # DAGs    # Errors  Last Runtime    Last Run
-----------------------------------  -----  ---------  --------  ----------  --------------  -------------------
/opt/airflow/dags/wikipedia_flow.py                           1           0  0.60s           2025-08-19T16:06:39
================================================================================
[2025-08-19T16:07:10.578+0000] {manager.py:889} INFO - 
================================================================================
DAG File Processing Stats

File Path                            PID    Runtime      # DAGs    # Errors  Last Runtime    Last Run
-----------------------------------  -----  ---------  --------  ----------  --------------  -------------------
/opt/airflow/dags/wikipedia_flow.py                           1           0  0.55s           2025-08-19T16:07:10
================================================================================
[2025-08-19T16:07:40.687+0000] {manager.py:889} INFO - 
================================================================================
DAG File Processing Stats

File Path                              PID  Runtime      # DAGs    # Errors  Last Runtime    Last Run
-----------------------------------  -----  ---------  --------  ----------  --------------  -------------------
/opt/airflow/dags/wikipedia_flow.py    826  0.01s             1           0  0.55s           2025-08-19T16:07:10
================================================================================
[2025-08-19T16:08:11.217+0000] {manager.py:889} INFO - 
================================================================================
DAG File Processing Stats

File Path                            PID    Runtime      # DAGs    # Errors  Last Runtime    Last Run
-----------------------------------  -----  ---------  --------  ----------  --------------  -------------------
/opt/airflow/dags/wikipedia_flow.py                           1           0  0.55s           2025-08-19T16:07:41
================================================================================
[2025-08-19T16:08:41.383+0000] {manager.py:889} INFO - 
================================================================================
DAG File Processing Stats

File Path                            PID    Runtime      # DAGs    # Errors  Last Runtime    Last Run
-----------------------------------  -----  ---------  --------  ----------  --------------  -------------------
/opt/airflow/dags/wikipedia_flow.py                           1           0  0.73s           2025-08-19T16:08:12
================================================================================
[2025-08-19T16:09:11.489+0000] {manager.py:889} INFO - 
================================================================================
DAG File Processing Stats

File Path                            PID    Runtime      # DAGs    # Errors  Last Runtime    Last Run
-----------------------------------  -----  ---------  --------  ----------  --------------  -------------------
/opt/airflow/dags/wikipedia_flow.py                           1           0  0.71s           2025-08-19T16:08:42
================================================================================
[2025-08-19T16:09:26.512+0000] {manager.py:758} INFO - Searching for files in /opt/airflow/dags
[2025-08-19T16:09:26.540+0000] {manager.py:761} INFO - There are 1 files in /opt/airflow/dags
[2025-08-19T16:09:41.646+0000] {manager.py:889} INFO - 
================================================================================
DAG File Processing Stats

File Path                            PID    Runtime      # DAGs    # Errors  Last Runtime    Last Run
-----------------------------------  -----  ---------  --------  ----------  --------------  -------------------
/opt/airflow/dags/wikipedia_flow.py                           1           0  0.58s           2025-08-19T16:09:13
================================================================================
[2025-08-19T16:10:11.753+0000] {manager.py:889} INFO - 
================================================================================
DAG File Processing Stats

File Path                            PID    Runtime      # DAGs    # Errors  Last Runtime    Last Run
-----------------------------------  -----  ---------  --------  ----------  --------------  -------------------
/opt/airflow/dags/wikipedia_flow.py                           1           0  0.57s           2025-08-19T16:09:44
================================================================================
[2025-08-19T16:10:41.868+0000] {manager.py:889} INFO - 
================================================================================
DAG File Processing Stats

File Path                            PID    Runtime      # DAGs    # Errors  Last Runtime    Last Run
-----------------------------------  -----  ---------  --------  ----------  --------------  -------------------
/opt/airflow/dags/wikipedia_flow.py                           1           0  0.80s           2025-08-19T16:10:15
================================================================================
[2025-08-19T16:11:11.902+0000] {manager.py:889} INFO - 
================================================================================
DAG File Processing Stats

File Path                            PID    Runtime      # DAGs    # Errors  Last Runtime    Last Run
-----------------------------------  -----  ---------  --------  ----------  --------------  -------------------
/opt/airflow/dags/wikipedia_flow.py                           1           0  0.60s           2025-08-19T16:10:45
================================================================================
[2025-08-19T16:11:42.407+0000] {manager.py:889} INFO - 
================================================================================
DAG File Processing Stats

File Path                            PID    Runtime      # DAGs    # Errors  Last Runtime    Last Run
-----------------------------------  -----  ---------  --------  ----------  --------------  -------------------
/opt/airflow/dags/wikipedia_flow.py                           1           0  0.74s           2025-08-19T16:11:16
================================================================================
[2025-08-19T16:12:12.527+0000] {manager.py:889} INFO - 
================================================================================
DAG File Processing Stats

File Path                            PID    Runtime      # DAGs    # Errors  Last Runtime    Last Run
-----------------------------------  -----  ---------  --------  ----------  --------------  -------------------
/opt/airflow/dags/wikipedia_flow.py                           0           1  0.54s           2025-08-19T16:12:11
================================================================================
[2025-08-19T16:12:42.783+0000] {manager.py:889} INFO - 
================================================================================
DAG File Processing Stats

File Path                            PID    Runtime      # DAGs    # Errors  Last Runtime    Last Run
-----------------------------------  -----  ---------  --------  ----------  --------------  -------------------
/opt/airflow/dags/wikipedia_flow.py                           0           1  0.09s           2025-08-19T16:12:33
================================================================================
[2025-08-19T16:13:13.093+0000] {manager.py:889} INFO - 
================================================================================
DAG File Processing Stats

File Path                            PID    Runtime      # DAGs    # Errors  Last Runtime    Last Run
-----------------------------------  -----  ---------  --------  ----------  --------------  -------------------
/opt/airflow/dags/wikipedia_flow.py                           0           1  0.25s           2025-08-19T16:12:47
================================================================================
[2025-08-19T16:13:43.270+0000] {manager.py:889} INFO - 
================================================================================
DAG File Processing Stats

File Path                            PID    Runtime      # DAGs    # Errors  Last Runtime    Last Run
-----------------------------------  -----  ---------  --------  ----------  --------------  -------------------
/opt/airflow/dags/wikipedia_flow.py                           0           1  0.14s           2025-08-19T16:13:17
================================================================================
[2025-08-19T16:14:13.517+0000] {manager.py:889} INFO - 
================================================================================
DAG File Processing Stats

File Path                            PID    Runtime      # DAGs    # Errors  Last Runtime    Last Run
-----------------------------------  -----  ---------  --------  ----------  --------------  -------------------
/opt/airflow/dags/wikipedia_flow.py                           0           1  0.07s           2025-08-19T16:14:08
================================================================================
[2025-08-19T16:14:26.542+0000] {manager.py:758} INFO - Searching for files in /opt/airflow/dags
[2025-08-19T16:14:26.561+0000] {manager.py:761} INFO - There are 1 files in /opt/airflow/dags
[2025-08-19T16:14:43.689+0000] {manager.py:889} INFO - 
================================================================================
DAG File Processing Stats

File Path                            PID    Runtime      # DAGs    # Errors  Last Runtime    Last Run
-----------------------------------  -----  ---------  --------  ----------  --------------  -------------------
/opt/airflow/dags/wikipedia_flow.py                           0           1  0.07s           2025-08-19T16:14:38
================================================================================
[2025-08-19T16:15:13.822+0000] {manager.py:889} INFO - 
================================================================================
DAG File Processing Stats

File Path                            PID    Runtime      # DAGs    # Errors  Last Runtime    Last Run
-----------------------------------  -----  ---------  --------  ----------  --------------  -------------------
/opt/airflow/dags/wikipedia_flow.py                           0           1  0.07s           2025-08-19T16:15:08
================================================================================
[2025-08-19T16:15:43.941+0000] {manager.py:889} INFO - 
================================================================================
DAG File Processing Stats

File Path                            PID    Runtime      # DAGs    # Errors  Last Runtime    Last Run
-----------------------------------  -----  ---------  --------  ----------  --------------  -------------------
/opt/airflow/dags/wikipedia_flow.py                           0           1  0.07s           2025-08-19T16:15:38
================================================================================
[2025-08-19T16:16:14.082+0000] {manager.py:889} INFO - 
================================================================================
DAG File Processing Stats

File Path                            PID    Runtime      # DAGs    # Errors  Last Runtime    Last Run
-----------------------------------  -----  ---------  --------  ----------  --------------  -------------------
/opt/airflow/dags/wikipedia_flow.py                           0           1  0.07s           2025-08-19T16:16:09
================================================================================
[2025-08-19T16:16:44.220+0000] {manager.py:889} INFO - 
================================================================================
DAG File Processing Stats

File Path                            PID    Runtime      # DAGs    # Errors  Last Runtime    Last Run
-----------------------------------  -----  ---------  --------  ----------  --------------  -------------------
/opt/airflow/dags/wikipedia_flow.py                           0           1  0.07s           2025-08-19T16:16:39
================================================================================
[2025-08-19T16:17:14.362+0000] {manager.py:889} INFO - 
================================================================================
DAG File Processing Stats

File Path                            PID    Runtime      # DAGs    # Errors  Last Runtime    Last Run
-----------------------------------  -----  ---------  --------  ----------  --------------  -------------------
/opt/airflow/dags/wikipedia_flow.py                           0           1  0.07s           2025-08-19T16:17:09
================================================================================
[2025-08-19T16:17:44.499+0000] {manager.py:889} INFO - 
================================================================================
DAG File Processing Stats

File Path                            PID    Runtime      # DAGs    # Errors  Last Runtime    Last Run
-----------------------------------  -----  ---------  --------  ----------  --------------  -------------------
/opt/airflow/dags/wikipedia_flow.py                           0           1  0.08s           2025-08-19T16:17:39
================================================================================
[2025-08-19T16:18:14.641+0000] {manager.py:889} INFO - 
================================================================================
DAG File Processing Stats

File Path                            PID    Runtime      # DAGs    # Errors  Last Runtime    Last Run
-----------------------------------  -----  ---------  --------  ----------  --------------  -------------------
/opt/airflow/dags/wikipedia_flow.py                           0           1  0.07s           2025-08-19T16:18:09
================================================================================
[2025-08-19T16:18:44.791+0000] {manager.py:889} INFO - 
================================================================================
DAG File Processing Stats

File Path                            PID    Runtime      # DAGs    # Errors  Last Runtime    Last Run
-----------------------------------  -----  ---------  --------  ----------  --------------  -------------------
/opt/airflow/dags/wikipedia_flow.py                           0           1  0.07s           2025-08-19T16:18:39
================================================================================
[2025-08-19T16:19:14.940+0000] {manager.py:889} INFO - 
================================================================================
DAG File Processing Stats

File Path                            PID    Runtime      # DAGs    # Errors  Last Runtime    Last Run
-----------------------------------  -----  ---------  --------  ----------  --------------  -------------------
/opt/airflow/dags/wikipedia_flow.py                           0           1  0.07s           2025-08-19T16:19:09
================================================================================
[2025-08-19T16:19:26.966+0000] {manager.py:758} INFO - Searching for files in /opt/airflow/dags
[2025-08-19T16:19:26.985+0000] {manager.py:761} INFO - There are 1 files in /opt/airflow/dags
[2025-08-19T16:19:45.107+0000] {manager.py:889} INFO - 
================================================================================
DAG File Processing Stats

File Path                            PID    Runtime      # DAGs    # Errors  Last Runtime    Last Run
-----------------------------------  -----  ---------  --------  ----------  --------------  -------------------
/opt/airflow/dags/wikipedia_flow.py                           0           1  0.08s           2025-08-19T16:19:40
================================================================================
[2025-08-19T16:20:15.258+0000] {manager.py:889} INFO - 
================================================================================
DAG File Processing Stats

File Path                            PID    Runtime      # DAGs    # Errors  Last Runtime    Last Run
-----------------------------------  -----  ---------  --------  ----------  --------------  -------------------
/opt/airflow/dags/wikipedia_flow.py                           0           1  0.07s           2025-08-19T16:20:10
================================================================================
[2025-08-19T16:20:45.377+0000] {manager.py:889} INFO - 
================================================================================
DAG File Processing Stats

File Path                            PID    Runtime      # DAGs    # Errors  Last Runtime    Last Run
-----------------------------------  -----  ---------  --------  ----------  --------------  -------------------
/opt/airflow/dags/wikipedia_flow.py                           0           1  0.06s           2025-08-19T16:20:40
================================================================================
[2025-08-19T16:21:15.495+0000] {manager.py:889} INFO - 
================================================================================
DAG File Processing Stats

File Path                            PID    Runtime      # DAGs    # Errors  Last Runtime    Last Run
-----------------------------------  -----  ---------  --------  ----------  --------------  -------------------
/opt/airflow/dags/wikipedia_flow.py                           0           1  0.06s           2025-08-19T16:21:10
================================================================================
[2025-08-19T16:21:45.638+0000] {manager.py:889} INFO - 
================================================================================
DAG File Processing Stats

File Path                            PID    Runtime      # DAGs    # Errors  Last Runtime    Last Run
-----------------------------------  -----  ---------  --------  ----------  --------------  -------------------
/opt/airflow/dags/wikipedia_flow.py                           0           1  0.07s           2025-08-19T16:21:40
================================================================================
[2025-08-19T16:22:15.789+0000] {manager.py:889} INFO - 
================================================================================
DAG File Processing Stats

File Path                            PID    Runtime      # DAGs    # Errors  Last Runtime    Last Run
-----------------------------------  -----  ---------  --------  ----------  --------------  -------------------
/opt/airflow/dags/wikipedia_flow.py                           1           0  0.78s           2025-08-19T16:22:05
================================================================================
[2025-08-19T16:22:45.884+0000] {manager.py:889} INFO - 
================================================================================
DAG File Processing Stats

File Path                            PID    Runtime      # DAGs    # Errors  Last Runtime    Last Run
-----------------------------------  -----  ---------  --------  ----------  --------------  -------------------
/opt/airflow/dags/wikipedia_flow.py                           1           0  0.90s           2025-08-19T16:22:36
================================================================================
[2025-08-19T16:23:16.014+0000] {manager.py:889} INFO - 
================================================================================
DAG File Processing Stats

File Path                            PID    Runtime      # DAGs    # Errors  Last Runtime    Last Run
-----------------------------------  -----  ---------  --------  ----------  --------------  -------------------
/opt/airflow/dags/wikipedia_flow.py                           1           0  0.73s           2025-08-19T16:23:07
================================================================================
[2025-08-19T16:23:46.244+0000] {manager.py:889} INFO - 
================================================================================
DAG File Processing Stats

File Path                            PID    Runtime      # DAGs    # Errors  Last Runtime    Last Run
-----------------------------------  -----  ---------  --------  ----------  --------------  -------------------
/opt/airflow/dags/wikipedia_flow.py                           1           0  1.06s           2025-08-19T16:23:38
================================================================================
[2025-08-19T16:24:16.375+0000] {manager.py:889} INFO - 
================================================================================
DAG File Processing Stats

File Path                            PID    Runtime      # DAGs    # Errors  Last Runtime    Last Run
-----------------------------------  -----  ---------  --------  ----------  --------------  -------------------
/opt/airflow/dags/wikipedia_flow.py                           1           0  0.60s           2025-08-19T16:24:08
================================================================================
[2025-08-19T16:24:27.379+0000] {manager.py:758} INFO - Searching for files in /opt/airflow/dags
[2025-08-19T16:24:27.402+0000] {manager.py:761} INFO - There are 1 files in /opt/airflow/dags
[2025-08-19T16:24:46.518+0000] {manager.py:889} INFO - 
================================================================================
DAG File Processing Stats

File Path                            PID    Runtime      # DAGs    # Errors  Last Runtime    Last Run
-----------------------------------  -----  ---------  --------  ----------  --------------  -------------------
/opt/airflow/dags/wikipedia_flow.py                           1           0  0.61s           2025-08-19T16:24:39
================================================================================
[2025-08-19T16:25:16.765+0000] {manager.py:889} INFO - 
================================================================================
DAG File Processing Stats

File Path                            PID    Runtime      # DAGs    # Errors  Last Runtime    Last Run
-----------------------------------  -----  ---------  --------  ----------  --------------  -------------------
/opt/airflow/dags/wikipedia_flow.py                           1           0  0.61s           2025-08-19T16:25:10
================================================================================
[2025-08-19T16:25:46.826+0000] {manager.py:889} INFO - 
================================================================================
DAG File Processing Stats

File Path                            PID    Runtime      # DAGs    # Errors  Last Runtime    Last Run
-----------------------------------  -----  ---------  --------  ----------  --------------  -------------------
/opt/airflow/dags/wikipedia_flow.py                           1           0  0.76s           2025-08-19T16:25:41
================================================================================
[2025-08-19T16:26:16.942+0000] {manager.py:889} INFO - 
================================================================================
DAG File Processing Stats

File Path                            PID    Runtime      # DAGs    # Errors  Last Runtime    Last Run
-----------------------------------  -----  ---------  --------  ----------  --------------  -------------------
/opt/airflow/dags/wikipedia_flow.py                           1           0  0.79s           2025-08-19T16:26:12
================================================================================
[2025-08-19T16:26:46.931+0000] {manager.py:889} INFO - 
================================================================================
DAG File Processing Stats

File Path                            PID    Runtime      # DAGs    # Errors  Last Runtime    Last Run
-----------------------------------  -----  ---------  --------  ----------  --------------  -------------------
/opt/airflow/dags/wikipedia_flow.py                           1           0  0.77s           2025-08-19T16:26:42
================================================================================
[2025-08-19T16:27:17.258+0000] {manager.py:889} INFO - 
================================================================================
DAG File Processing Stats

File Path                            PID    Runtime      # DAGs    # Errors  Last Runtime    Last Run
-----------------------------------  -----  ---------  --------  ----------  --------------  -------------------
/opt/airflow/dags/wikipedia_flow.py                           1           0  0.67s           2025-08-19T16:27:13
================================================================================
[2025-08-19T16:27:47.374+0000] {manager.py:889} INFO - 
================================================================================
DAG File Processing Stats

File Path                            PID    Runtime      # DAGs    # Errors  Last Runtime    Last Run
-----------------------------------  -----  ---------  --------  ----------  --------------  -------------------
/opt/airflow/dags/wikipedia_flow.py                           1           0  0.69s           2025-08-19T16:27:44
================================================================================
[2025-08-19T16:28:17.604+0000] {manager.py:889} INFO - 
================================================================================
DAG File Processing Stats

File Path                            PID    Runtime      # DAGs    # Errors  Last Runtime    Last Run
-----------------------------------  -----  ---------  --------  ----------  --------------  -------------------
/opt/airflow/dags/wikipedia_flow.py                           1           0  0.62s           2025-08-19T16:28:15
================================================================================
[2025-08-19T16:28:47.707+0000] {manager.py:889} INFO - 
================================================================================
DAG File Processing Stats

File Path                            PID    Runtime      # DAGs    # Errors  Last Runtime    Last Run
-----------------------------------  -----  ---------  --------  ----------  --------------  -------------------
/opt/airflow/dags/wikipedia_flow.py                           1           0  0.75s           2025-08-19T16:28:46
================================================================================
[2025-08-19T16:29:17.766+0000] {manager.py:889} INFO - 
================================================================================
DAG File Processing Stats

File Path                            PID    Runtime      # DAGs    # Errors  Last Runtime    Last Run
-----------------------------------  -----  ---------  --------  ----------  --------------  -------------------
/opt/airflow/dags/wikipedia_flow.py                           1           0  0.55s           2025-08-19T16:29:16
================================================================================
[2025-08-19T16:29:27.808+0000] {manager.py:758} INFO - Searching for files in /opt/airflow/dags
[2025-08-19T16:29:27.825+0000] {manager.py:761} INFO - There are 1 files in /opt/airflow/dags
[2025-08-19T16:29:48.246+0000] {manager.py:889} INFO - 
================================================================================
DAG File Processing Stats

File Path                            PID    Runtime      # DAGs    # Errors  Last Runtime    Last Run
-----------------------------------  -----  ---------  --------  ----------  --------------  -------------------
/opt/airflow/dags/wikipedia_flow.py                           1           0  0.60s           2025-08-19T16:29:47
================================================================================
[2025-08-19T16:30:18.546+0000] {manager.py:889} INFO - 
================================================================================
DAG File Processing Stats

File Path                            PID    Runtime      # DAGs    # Errors  Last Runtime    Last Run
-----------------------------------  -----  ---------  --------  ----------  --------------  -------------------
/opt/airflow/dags/wikipedia_flow.py                           1           0  0.50s           2025-08-19T16:30:18
================================================================================
[2025-08-19T16:30:48.637+0000] {manager.py:889} INFO - 
================================================================================
DAG File Processing Stats

File Path                              PID  Runtime      # DAGs    # Errors  Last Runtime    Last Run
-----------------------------------  -----  ---------  --------  ----------  --------------  -------------------
/opt/airflow/dags/wikipedia_flow.py   1347  0.51s             1           0  0.50s           2025-08-19T16:30:18
================================================================================
[2025-08-19T16:31:18.737+0000] {manager.py:889} INFO - 
================================================================================
DAG File Processing Stats

File Path                            PID    Runtime      # DAGs    # Errors  Last Runtime    Last Run
-----------------------------------  -----  ---------  --------  ----------  --------------  -------------------
/opt/airflow/dags/wikipedia_flow.py                           1           0  0.66s           2025-08-19T16:30:48
================================================================================
[2025-08-19T16:31:48.938+0000] {manager.py:889} INFO - 
================================================================================
DAG File Processing Stats

File Path                            PID    Runtime      # DAGs    # Errors  Last Runtime    Last Run
-----------------------------------  -----  ---------  --------  ----------  --------------  -------------------
/opt/airflow/dags/wikipedia_flow.py                           1           0  0.61s           2025-08-19T16:31:19
================================================================================
[2025-08-19T16:32:19.028+0000] {manager.py:889} INFO - 
================================================================================
DAG File Processing Stats

File Path                            PID    Runtime      # DAGs    # Errors  Last Runtime    Last Run
-----------------------------------  -----  ---------  --------  ----------  --------------  -------------------
/opt/airflow/dags/wikipedia_flow.py                           1           0  0.61s           2025-08-19T16:31:50
================================================================================
[2025-08-19T16:32:49.119+0000] {manager.py:889} INFO - 
================================================================================
DAG File Processing Stats

File Path                            PID    Runtime      # DAGs    # Errors  Last Runtime    Last Run
-----------------------------------  -----  ---------  --------  ----------  --------------  -------------------
/opt/airflow/dags/wikipedia_flow.py                           1           0  0.79s           2025-08-19T16:32:21
================================================================================
[2025-08-19T16:32:49.385+0000] {manager.py:470} INFO - Exiting gracefully upon receiving signal 15
